<?xml version="1.0" encoding="UTF-8"?>
<!-- Generated by org.testng.reporters.JUnitXMLReporter -->
<testsuite ignored="0" hostname="anujsewani" failures="0" tests="3" name="Default test" time="116.234" errors="0" timestamp="09 Feb 2022 07:32:49 GMT">
  <testcase classname="com.SeleniumExitTest.tests.AddToCartTest" name="AddProductToCart" time="29.009"/>
  <testcase classname="com.SeleniumExitTest.tests.AddToCartTest" name="RemoveProductFromCart" time="37.419"/>
  <testcase classname="com.SeleniumExitTest.tests.AddToCartTest" name="SaveForLater" time="35.472"/>
</testsuite> <!-- Default test -->
